#
# A fatal error has been detected by the Java Runtime Environment:
#
#  SIGSEGV (0xb) at pc=0x00007fcc379ef33b, pid=4682, tid=0x00007fcc18efe700
#
# JRE version: OpenJDK Runtime Environment (8.0_152-b01) (build 1.8.0_152-release-1024-b01)
# Java VM: OpenJDK 64-Bit Server VM (25.152-b01 mixed mode linux-amd64 compressed oops)
# Problematic frame:
# V  [libjvm.so+0x58c33b]  Node_Backward_Iterator::next()+0xdb
#
# Failed to write core dump. Core dumps have been disabled. To enable core dumping, try "ulimit -c unlimited" before starting Java again
#
# If you would like to submit a bug report, please visit:
#   http://bugreport.java.com/bugreport/crash.jsp
#

---------------  T H R E A D  ---------------

Current thread (0x00007fcc300ba800):  JavaThread "C2 CompilerThread0" daemon [_thread_in_native, id=4693, stack(0x00007fcc18dfe000,0x00007fcc18eff000)]

siginfo: si_signo: 11 (SIGSEGV), si_code: 128 (SI_KERNEL), si_addr: 0x0000000000000000

Registers:
RAX=0x00007fcc18efa9f0, RBX=0x00007fcbf511de48, RCX=0x0000000000000017, RDX=0x0000000000000ad7
RSP=0x00007fcc18efa8d0, RBP=0x00007fcc18efa910, RSI=0x0000000000800000, RDI=0x0000000000000056
R8 =0x0000000000000002, R9 =0x00007fcbec010110, R10=0x00007fcbf4d0c450, R11=0x00007fcc18efcf70
R12=0x10007fcbf8f8c7f0, R13=0x00007fcbf511def8, R14=0x000000000000007f, R15=0x00007fcc18efa940
RIP=0x00007fcc379ef33b, EFLAGS=0x0000000000010287, CSGSFS=0x002b000000000033, ERR=0x0000000000000000
  TRAPNO=0x000000000000000d

Top of Stack: (sp=0x00007fcc18efa8d0)
0x00007fcc18efa8d0:   00000003ec8ead90 00007fcbf470b248
0x00007fcc18efa8e0:   00007fcc18efa900 00007fcbec624d40
0x00007fcc18efa8f0:   00007fcbf470aa50 00007fcbf8098790
0x00007fcc18efa900:   00007fcbf9986f38 00007fcc18efaad0
0x00007fcc18efa910:   00007fcc18efa990 00007fcc379f28d9
0x00007fcc18efa920:   0000000000000008 00007fcc18efab28
0x00007fcc18efa930:   00007fcbf9986cf0 00007fcc18efa940
0x00007fcc18efa940:   00007fcc18efa9f0 00007fcc18efaa10
0x00007fcc18efa950:   00007fcc18efaad0 00007fcc300bb1d0
0x00007fcc18efa960:   00007fcc18efa990 00007fcc18efaa10
0x00007fcc18efa970:   00007fcc18efa9f0 00007fcc300bb1d0
0x00007fcc18efa980:   00007fcbf4dea610 00007fcc18efaad0
0x00007fcc18efa990:   00007fcc18efaa80 00007fcc379f3237
0x00007fcc18efa9a0:   00007fcc18efaa10 00007fcc18efa9f0
0x00007fcc18efa9b0:   00007fcc18efaad0 00007fcc300bb1d0
0x00007fcc18efa9c0:   00000000001634b8 00007fcbec3d07a8
0x00007fcc18efa9d0:   00007fcbec3ca7d0 00007fcbec3c87c0
0x00007fcc18efa9e0:   00007fcc18efaa30 00007fcc300bb1d0
0x00007fcc18efa9f0:   00007fcc382fcdd0 00007fcc300bb1d0
0x00007fcc18efaa00:   0000000000000100 00007fcbf4dea650
0x00007fcc18efaa10:   00007fcc300bb1d0 00007fcc00001000
0x00007fcc18efaa20:   00007fcbf515cb40 00007fcc000000fa
0x00007fcc18efaa30:   0000192500000000 0000000000000000
0x00007fcc18efaa40:   00007fcb00000007 00007fcbf4a71e90
0x00007fcc18efaa50:   00007fcc18efaab0 00007fcc18efaad0
0x00007fcc18efaa60:   00007fcc18efac90 00007fcc18efc400
0x00007fcc18efaa70:   00007fcc18efaad0 00007fcc18efcf70
0x00007fcc18efaa80:   00007fcc18efaab0 00007fcc379f375d
0x00007fcc18efaa90:   00007fcc18efac90 0000000018efc400
0x00007fcc18efaaa0:   00007fcc18efaad0 00007fcc18efb630
0x00007fcc18efaab0:   00007fcc18efc2f0 00007fcc378cbc59
0x00007fcc18efaac0:   0000000000000000 0000000000000000 

Instructions: (pc=0x00007fcc379ef33b)
0x00007fcc379ef31b:   be 01 00 00 00 48 d3 e6 85 34 b8 74 22 48 83 c3
0x00007fcc379ef32b:   08 4c 39 eb 0f 83 eb 00 00 00 4c 8b 23 49 8b 07
0x00007fcc379ef33b:   41 8b 54 24 28 89 d1 c1 e9 05 39 48 10 77 c6 41
0x00007fcc379ef34b:   0f b7 44 24 2c 4c 89 e1 83 e0 0f 66 83 f8 08 0f 

Register to memory mapping:

RAX=0x00007fcc18efa9f0 is pointing into the stack for thread: 0x00007fcc300ba800
RBX=0x00007fcbf511de48 is an unknown value
RCX=0x0000000000000017 is an unknown value
RDX=0x0000000000000ad7 is an unknown value
RSP=0x00007fcc18efa8d0 is pointing into the stack for thread: 0x00007fcc300ba800
RBP=0x00007fcc18efa910 is pointing into the stack for thread: 0x00007fcc300ba800
RSI=0x0000000000800000 is an unknown value
RDI=0x0000000000000056 is an unknown value
R8 =0x0000000000000002 is an unknown value
R9 =0x00007fcbec010110 is an unknown value
R10=0x00007fcbf4d0c450 is an unknown value
R11=0x00007fcc18efcf70 is pointing into the stack for thread: 0x00007fcc300ba800
R12=0x10007fcbf8f8c7f0 is an unknown value
R13=0x00007fcbf511def8 is an unknown value
R14=0x000000000000007f is an unknown value
R15=0x00007fcc18efa940 is pointing into the stack for thread: 0x00007fcc300ba800


Stack: [0x00007fcc18dfe000,0x00007fcc18eff000],  sp=0x00007fcc18efa8d0,  free space=1010k
Native frames: (J=compiled Java code, j=interpreted, Vv=VM code, C=native code)
V  [libjvm.so+0x58c33b]  Node_Backward_Iterator::next()+0xdb
V  [libjvm.so+0x58f8d9]  PhaseCFG::schedule_late(VectorSet&, Node_List&)+0x89
V  [libjvm.so+0x590237]  PhaseCFG::global_code_motion()+0x547
V  [libjvm.so+0x59075d]  PhaseCFG::do_global_code_motion()+0x4d
V  [libjvm.so+0x468c59]  Compile::Code_Gen()+0x1e9
V  [libjvm.so+0x469fbe]  Compile::Compile(ciEnv*, C2Compiler*, ciMethod*, int, bool, bool, bool)+0x113e
V  [libjvm.so+0x3c6458]  C2Compiler::compile_method(ciEnv*, ciMethod*, int)+0x1c8
V  [libjvm.so+0x472652]  CompileBroker::invoke_compiler_on_method(CompileTask*)+0x8c2
V  [libjvm.so+0x4734d8]  CompileBroker::compiler_thread_loop()+0x4e8
V  [libjvm.so+0x998d78]  JavaThread::thread_main_inner()+0xd8
V  [libjvm.so+0x850032]  java_start(Thread*)+0xf2
C  [libpthread.so.0+0x77fc]  start_thread+0xdc


Current CompileTask:
C2: 719317 15843       4       org.jetbrains.kotlin.parsing.KotlinExpressionParsing::parsePostfixExpression (232 bytes)


---------------  P R O C E S S  ---------------

Java Threads: ( => current thread )
  0x00007fcbac001800 JavaThread "RMI RenewClean-[localhost:42977,org.jetbrains.kotlin.daemon.common.LoopbackNetworkInterface$ClientLoopbackSocketFactory@510403d3]" daemon [_thread_blocked, id=5544, stack(0x00007fcbbc965000,0x00007fcbbca66000)]
  0x00007fcbe0009000 JavaThread "RMI TCP Connection(24)-127.0.0.1" daemon [_thread_in_Java, id=5543, stack(0x00007fcbbd373000,0x00007fcbbd474000)]
  0x00007fcba8003000 JavaThread "RMI RenewClean-[localhost:42977,org.jetbrains.kotlin.daemon.common.LoopbackNetworkInterface$ClientLoopbackSocketFactory@70fd8eb9]" daemon [_thread_blocked, id=5540, stack(0x00007fcbbd272000,0x00007fcbbd373000)]
  0x00007fcbe0008000 JavaThread "RMI TCP Connection(23)-127.0.0.1" daemon [_thread_in_native, id=5539, stack(0x00007fcbbd680000,0x00007fcbbd781000)]
  0x00007fcbe0007000 JavaThread "RMI TCP Connection(22)-127.0.0.1" daemon [_thread_in_native, id=5534, stack(0x00007fcbe80f6000,0x00007fcbe81f7000)]
  0x00007fcbe0005000 JavaThread "RMI TCP Connection(21)-127.0.0.1" daemon [_thread_in_native, id=5532, stack(0x00007fcbe86f8000,0x00007fcbe87f9000)]
  0x00007fcbe0003000 JavaThread "RMI TCP Connection(20)-127.0.0.1" daemon [_thread_in_native, id=5530, stack(0x00007fcbbd781000,0x00007fcbbd882000)]
  0x00007fcbe0001800 JavaThread "RMI TCP Connection(19)-127.0.0.1" daemon [_thread_in_native, id=5529, stack(0x00007fcbe8afa000,0x00007fcbe8bfb000)]
  0x00007fcbb8001000 JavaThread "RMI RenewClean-[localhost:42977,org.jetbrains.kotlin.daemon.common.LoopbackNetworkInterface$ClientLoopbackSocketFactory@58759b7a]" daemon [_thread_blocked, id=5085, stack(0x00007fcbbd882000,0x00007fcbbd983000)]
  0x00007fcbc8013800 JavaThread "RMI RenewClean-[localhost:42977,org.jetbrains.kotlin.daemon.common.LoopbackNetworkInterface$ClientLoopbackSocketFactory@2896aafc]" daemon [_thread_blocked, id=4909, stack(0x00007fcbe8dfd000,0x00007fcbe8efe000)]
  0x00007fcbc000d000 JavaThread "RMI RenewClean-[localhost:42977,org.jetbrains.kotlin.daemon.common.LoopbackNetworkInterface$ClientLoopbackSocketFactory@12e05bd6]" daemon [_thread_blocked, id=4711, stack(0x00007fcbe85f7000,0x00007fcbe86f8000)]
  0x00007fcbc8011800 JavaThread "RMI Scheduler(0)" daemon [_thread_blocked, id=4704, stack(0x00007fcbe87f9000,0x00007fcbe88fa000)]
  0x00007fcc3000c000 JavaThread "DestroyJavaVM" [_thread_blocked, id=4684, stack(0x00007fcc38e8e000,0x00007fcc38f8f000)]
  0x00007fcc303d4800 JavaThread "GC Daemon" daemon [_thread_blocked, id=4702, stack(0x00007fcbe8bfb000,0x00007fcbe8cfc000)]
  0x00007fcc303a5000 JavaThread "RMI Reaper" [_thread_blocked, id=4701, stack(0x00007fcbe8cfc000,0x00007fcbe8dfd000)]
  0x00007fcc3038f000 JavaThread "Timer-0" daemon [_thread_blocked, id=4699, stack(0x00007fcbe8efe000,0x00007fcbe8fff000)]
  0x00007fcc3038b000 JavaThread "RMI TCP Accept-17763" daemon [_thread_in_native, id=4698, stack(0x00007fcc18096000,0x00007fcc18197000)]
  0x00007fcc300c2800 JavaThread "Service Thread" daemon [_thread_blocked, id=4696, stack(0x00007fcc18afb000,0x00007fcc18bfc000)]
  0x00007fcc300bf800 JavaThread "C1 CompilerThread2" daemon [_thread_in_native, id=4695, stack(0x00007fcc18bfc000,0x00007fcc18cfd000)]
  0x00007fcc300bd800 JavaThread "C2 CompilerThread1" daemon [_thread_in_native, id=4694, stack(0x00007fcc18cfd000,0x00007fcc18dfe000)]
=>0x00007fcc300ba800 JavaThread "C2 CompilerThread0" daemon [_thread_in_native, id=4693, stack(0x00007fcc18dfe000,0x00007fcc18eff000)]
  0x00007fcc300b6800 JavaThread "Signal Dispatcher" daemon [_thread_blocked, id=4692, stack(0x00007fcc18eff000,0x00007fcc19000000)]
  0x00007fcc30085800 JavaThread "Finalizer" daemon [_thread_blocked, id=4691, stack(0x00007fcc20370000,0x00007fcc20471000)]
  0x00007fcc30081000 JavaThread "Reference Handler" daemon [_thread_blocked, id=4690, stack(0x00007fcc20471000,0x00007fcc20572000)]

Other Threads:
  0x00007fcc30079800 VMThread [stack: 0x00007fcc20572000,0x00007fcc20673000] [id=4689]
  0x00007fcc300c5000 WatcherThread [stack: 0x00007fcc189fa000,0x00007fcc18afb000] [id=4697]

VM state:not at safepoint (normal execution)

VM Mutex/Monitor currently owned by a thread: None

Heap:
 PSYoungGen      total 306688K, used 216164K [0x00000000e0000000, 0x00000000fa380000, 0x0000000100000000)
  eden space 227840K, 63% used [0x00000000e0000000,0x00000000e8d9ed68,0x00000000ede80000)
  from space 78848K, 90% used [0x00000000ede80000,0x00000000f23fa340,0x00000000f2b80000)
  to   space 88064K, 0% used [0x00000000f4d80000,0x00000000f4d80000,0x00000000fa380000)
 ParOldGen       total 125440K, used 88458K [0x00000000a0000000, 0x00000000a7a80000, 0x00000000e0000000)
  object space 125440K, 70% used [0x00000000a0000000,0x00000000a5662840,0x00000000a7a80000)
 Metaspace       used 70921K, capacity 72975K, committed 73256K, reserved 1114112K
  class space    used 8154K, capacity 8679K, committed 8752K, reserved 1048576K

Card table byte_map: [0x00007fcc359a6000,0x00007fcc35ca7000] byte_map_base: 0x00007fcc354a6000

Marking Bits: (ParMarkBitMap*) 0x00007fcc3833d440
 Begin Bits: [0x00007fcc19000000, 0x00007fcc1a800000)
 End Bits:   [0x00007fcc1a800000, 0x00007fcc1c000000)

Polling page: 0x00007fcc38faa000

CodeCache: size=245760Kb used=45466Kb max_used=45466Kb free=200293Kb
 bounds [0x00007fcc21000000, 0x00007fcc23cb0000, 0x00007fcc30000000]
 total_blobs=14002 nmethods=13453 adapters=460
 compilation: enabled

Compilation events (10 events):
Event: 719,155 Thread 0x00007fcc300bd800 nmethod 15844 0x00007fcc23c99050 code [0x00007fcc23c99760, 0x00007fcc23c9b770]
Event: 719,155 Thread 0x00007fcc300bd800 15876       4       org.jetbrains.kotlin.serialization.deserialization.NameResolverImpl::getName (12 bytes)
Event: 719,160 Thread 0x00007fcc300bd800 nmethod 15876 0x00007fcc23c95a50 code [0x00007fcc23c95be0, 0x00007fcc23c95e28]
Event: 719,160 Thread 0x00007fcc300bd800 15891       4       org.jetbrains.kotlin.com.google.common.collect.AbstractMapBasedMultimap$WrappedCollection$WrappedIterator::hasNext (14 bytes)
Event: 719,178 Thread 0x00007fcc300bd800 nmethod 15891 0x00007fcc23c9f6d0 code [0x00007fcc23c9f8c0, 0x00007fcc23ca0258]
Event: 719,178 Thread 0x00007fcc300bd800 15855   !   4       com.sun.org.apache.xerces.internal.parsers.AbstractSAXParser::characters (78 bytes)
Event: 719,181 Thread 0x00007fcc300bd800 nmethod 15855 0x00007fcc23c97410 code [0x00007fcc23c97560, 0x00007fcc23c97698]
Event: 719,181 Thread 0x00007fcc300bd800 15892       4       org.jetbrains.kotlin.storage.LockBasedStorageManager::createMemoizedFunction (9 bytes)
Event: 719,183 Thread 0x00007fcc300bd800 nmethod 15892 0x00007fcc23c97050 code [0x00007fcc23c971a0, 0x00007fcc23c97318]
Event: 719,183 Thread 0x00007fcc300bd800 15885       4       org.jetbrains.kotlin.cli.jvm.compiler.KotlinCliJavaFileManagerImpl::findClass (315 bytes)

GC Heap History (10 events):
Event: 400,081 GC heap before
{Heap before GC invocations=16 (full 3):
 PSYoungGen      total 229888K, used 227037K [0x00000000e0000000, 0x00000000f2580000, 0x0000000100000000)
  eden space 177664K, 100% used [0x00000000e0000000,0x00000000ead80000,0x00000000ead80000)
  from space 52224K, 94% used [0x00000000ee800000,0x00000000f1837718,0x00000000f1b00000)
  to   space 59904K, 0% used [0x00000000ead80000,0x00000000ead80000,0x00000000ee800000)
 ParOldGen       total 125440K, used 88418K [0x00000000a0000000, 0x00000000a7a80000, 0x00000000e0000000)
  object space 125440K, 70% used [0x00000000a0000000,0x00000000a5658840,0x00000000a7a80000)
 Metaspace       used 60402K, capacity 61633K, committed 61736K, reserved 1103872K
  class space    used 7084K, capacity 7426K, committed 7472K, reserved 1048576K
Event: 400,190 GC heap after
Heap after GC invocations=16 (full 3):
 PSYoungGen      total 237568K, used 49769K [0x00000000e0000000, 0x00000000f4d80000, 0x0000000100000000)
  eden space 177664K, 0% used [0x00000000e0000000,0x00000000e0000000,0x00000000ead80000)
  from space 59904K, 83% used [0x00000000ead80000,0x00000000ede1a620,0x00000000ee800000)
  to   space 66048K, 0% used [0x00000000f0d00000,0x00000000f0d00000,0x00000000f4d80000)
 ParOldGen       total 125440K, used 88426K [0x00000000a0000000, 0x00000000a7a80000, 0x00000000e0000000)
  object space 125440K, 70% used [0x00000000a0000000,0x00000000a565a840,0x00000000a7a80000)
 Metaspace       used 60402K, capacity 61633K, committed 61736K, reserved 1103872K
  class space    used 7084K, capacity 7426K, committed 7472K, reserved 1048576K
}
Event: 429,832 GC heap before
{Heap before GC invocations=17 (full 3):
 PSYoungGen      total 237568K, used 227433K [0x00000000e0000000, 0x00000000f4d80000, 0x0000000100000000)
  eden space 177664K, 100% used [0x00000000e0000000,0x00000000ead80000,0x00000000ead80000)
  from space 59904K, 83% used [0x00000000ead80000,0x00000000ede1a620,0x00000000ee800000)
  to   space 66048K, 0% used [0x00000000f0d00000,0x00000000f0d00000,0x00000000f4d80000)
 ParOldGen       total 125440K, used 88426K [0x00000000a0000000, 0x00000000a7a80000, 0x00000000e0000000)
  object space 125440K, 70% used [0x00000000a0000000,0x00000000a565a840,0x00000000a7a80000)
 Metaspace       used 61878K, capacity 63455K, committed 63784K, reserved 1105920K
  class space    used 7218K, capacity 7637K, committed 7728K, reserved 1048576K
Event: 429,908 GC heap after
Heap after GC invocations=17 (full 3):
 PSYoungGen      total 271360K, used 48948K [0x00000000e0000000, 0x00000000f5180000, 0x0000000100000000)
  eden space 205312K, 0% used [0x00000000e0000000,0x00000000e0000000,0x00000000ec880000)
  from space 66048K, 74% used [0x00000000f0d00000,0x00000000f3ccd178,0x00000000f4d80000)
  to   space 70144K, 0% used [0x00000000ec880000,0x00000000ec880000,0x00000000f0d00000)
 ParOldGen       total 125440K, used 88434K [0x00000000a0000000, 0x00000000a7a80000, 0x00000000e0000000)
  object space 125440K, 70% used [0x00000000a0000000,0x00000000a565c840,0x00000000a7a80000)
 Metaspace       used 61878K, capacity 63455K, committed 63784K, reserved 1105920K
  class space    used 7218K, capacity 7637K, committed 7728K, reserved 1048576K
}
Event: 477,092 GC heap before
{Heap before GC invocations=18 (full 3):
 PSYoungGen      total 271360K, used 254260K [0x00000000e0000000, 0x00000000f5180000, 0x0000000100000000)
  eden space 205312K, 100% used [0x00000000e0000000,0x00000000ec880000,0x00000000ec880000)
  from space 66048K, 74% used [0x00000000f0d00000,0x00000000f3ccd178,0x00000000f4d80000)
  to   space 70144K, 0% used [0x00000000ec880000,0x00000000ec880000,0x00000000f0d00000)
 ParOldGen       total 125440K, used 88434K [0x00000000a0000000, 0x00000000a7a80000, 0x00000000e0000000)
  object space 125440K, 70% used [0x00000000a0000000,0x00000000a565c840,0x00000000a7a80000)
 Metaspace       used 62751K, capacity 64455K, committed 64552K, reserved 1105920K
  class space    used 7279K, capacity 7711K, committed 7728K, reserved 1048576K
Event: 477,174 GC heap after
Heap after GC invocations=18 (full 3):
 PSYoungGen      total 275456K, used 56885K [0x00000000e0000000, 0x00000000f7980000, 0x0000000100000000)
  eden space 205312K, 0% used [0x00000000e0000000,0x00000000e0000000,0x00000000ec880000)
  from space 70144K, 81% used [0x00000000ec880000,0x00000000f000d6e8,0x00000000f0d00000)
  to   space 76800K, 0% used [0x00000000f2e80000,0x00000000f2e80000,0x00000000f7980000)
 ParOldGen       total 125440K, used 88442K [0x00000000a0000000, 0x00000000a7a80000, 0x00000000e0000000)
  object space 125440K, 70% used [0x00000000a0000000,0x00000000a565e840,0x00000000a7a80000)
 Metaspace       used 62751K, capacity 64455K, committed 64552K, reserved 1105920K
  class space    used 7279K, capacity 7711K, committed 7728K, reserved 1048576K
}
Event: 711,364 GC heap before
{Heap before GC invocations=19 (full 3):
 PSYoungGen      total 275456K, used 262197K [0x00000000e0000000, 0x00000000f7980000, 0x0000000100000000)
  eden space 205312K, 100% used [0x00000000e0000000,0x00000000ec880000,0x00000000ec880000)
  from space 70144K, 81% used [0x00000000ec880000,0x00000000f000d6e8,0x00000000f0d00000)
  to   space 76800K, 0% used [0x00000000f2e80000,0x00000000f2e80000,0x00000000f7980000)
 ParOldGen       total 125440K, used 88442K [0x00000000a0000000, 0x00000000a7a80000, 0x00000000e0000000)
  object space 125440K, 70% used [0x00000000a0000000,0x00000000a565e840,0x00000000a7a80000)
 Metaspace       used 63781K, capacity 65665K, committed 65960K, reserved 1107968K
  class space    used 7363K, capacity 7804K, committed 7856K, reserved 1048576K
Event: 711,482 GC heap after
Heap after GC invocations=19 (full 3):
 PSYoungGen      total 303616K, used 49412K [0x00000000e0000000, 0x00000000f7880000, 0x0000000100000000)
  eden space 227840K, 0% used [0x00000000e0000000,0x00000000e0000000,0x00000000ede80000)
  from space 75776K, 65% used [0x00000000f2e80000,0x00000000f5ec1260,0x00000000f7880000)
  to   space 78848K, 0% used [0x00000000ede80000,0x00000000ede80000,0x00000000f2b80000)
 ParOldGen       total 125440K, used 88450K [0x00000000a0000000, 0x00000000a7a80000, 0x00000000e0000000)
  object space 125440K, 70% used [0x00000000a0000000,0x00000000a5660840,0x00000000a7a80000)
 Metaspace       used 63781K, capacity 65665K, committed 65960K, reserved 1107968K
  class space    used 7363K, capacity 7804K, committed 7856K, reserved 1048576K
}
Event: 717,559 GC heap before
{Heap before GC invocations=20 (full 3):
 PSYoungGen      total 303616K, used 277252K [0x00000000e0000000, 0x00000000f7880000, 0x0000000100000000)
  eden space 227840K, 100% used [0x00000000e0000000,0x00000000ede80000,0x00000000ede80000)
  from space 75776K, 65% used [0x00000000f2e80000,0x00000000f5ec1260,0x00000000f7880000)
  to   space 78848K, 0% used [0x00000000ede80000,0x00000000ede80000,0x00000000f2b80000)
 ParOldGen       total 125440K, used 88450K [0x00000000a0000000, 0x00000000a7a80000, 0x00000000e0000000)
  object space 125440K, 70% used [0x00000000a0000000,0x00000000a5660840,0x00000000a7a80000)
 Metaspace       used 70285K, capacity 72245K, committed 72360K, reserved 1114112K
  class space    used 8089K, capacity 8570K, committed 8624K, reserved 1048576K
Event: 717,657 GC heap after
Heap after GC invocations=20 (full 3):
 PSYoungGen      total 306688K, used 71144K [0x00000000e0000000, 0x00000000fa380000, 0x0000000100000000)
  eden space 227840K, 0% used [0x00000000e0000000,0x00000000e0000000,0x00000000ede80000)
  from space 78848K, 90% used [0x00000000ede80000,0x00000000f23fa340,0x00000000f2b80000)
  to   space 88064K, 0% used [0x00000000f4d80000,0x00000000f4d80000,0x00000000fa380000)
 ParOldGen       total 125440K, used 88458K [0x00000000a0000000, 0x00000000a7a80000, 0x00000000e0000000)
  object space 125440K, 70% used [0x00000000a0000000,0x00000000a5662840,0x00000000a7a80000)
 Metaspace       used 70285K, capacity 72245K, committed 72360K, reserved 1114112K
  class space    used 8089K, capacity 8570K, committed 8624K, reserved 1048576K
}

Deoptimization events (10 events):
Event: 718,113 Thread 0x00007fcbe0008000 Uncommon trap: reason=unstable_if action=reinterpret pc=0x00007fcc22115c9c method=org.jetbrains.kotlin.com.intellij.openapi.vfs.CharsetToolkit.guessFromContent(II)Lorg/jetbrains/kotlin/com/intellij/openapi/vfs/CharsetToolkit$GuessedEncoding; @ 160
Event: 718,151 Thread 0x00007fcbe0008000 Uncommon trap: reason=unstable_if action=reinterpret pc=0x00007fcc21b0d41c method=sun.nio.cs.UTF_8$Decoder.decodeArrayLoop(Ljava/nio/ByteBuffer;Ljava/nio/CharBuffer;)Ljava/nio/charset/CoderResult; @ 84
Event: 718,173 Thread 0x00007fcbe0008000 Uncommon trap: reason=unstable_if action=reinterpret pc=0x00007fcc21d4396c method=org.jetbrains.kotlin.com.intellij.openapi.util.text.StringUtil.isLineBreak(C)Z @ 3
Event: 718,286 Thread 0x00007fcbe0008000 Uncommon trap: reason=class_check action=maybe_recompile pc=0x00007fcc23c1bf9c method=org.jetbrains.kotlin.parsing.KotlinParserDefinition.createElement(Lorg/jetbrains/kotlin/com/intellij/lang/ASTNode;)Lorg/jetbrains/kotlin/com/intellij/psi/PsiElement; @ 1
Event: 718,287 Thread 0x00007fcbe0008000 Uncommon trap: reason=class_check action=maybe_recompile pc=0x00007fcc23c1bf9c method=org.jetbrains.kotlin.parsing.KotlinParserDefinition.createElement(Lorg/jetbrains/kotlin/com/intellij/lang/ASTNode;)Lorg/jetbrains/kotlin/com/intellij/psi/PsiElement; @ 1
Event: 718,328 Thread 0x00007fcbe0008000 Uncommon trap: reason=class_check action=maybe_recompile pc=0x00007fcc23c1bf9c method=org.jetbrains.kotlin.parsing.KotlinParserDefinition.createElement(Lorg/jetbrains/kotlin/com/intellij/lang/ASTNode;)Lorg/jetbrains/kotlin/com/intellij/psi/PsiElement; @ 1
Event: 718,328 Thread 0x00007fcbe0008000 Uncommon trap: reason=class_check action=maybe_recompile pc=0x00007fcc23c1bf9c method=org.jetbrains.kotlin.parsing.KotlinParserDefinition.createElement(Lorg/jetbrains/kotlin/com/intellij/lang/ASTNode;)Lorg/jetbrains/kotlin/com/intellij/psi/PsiElement; @ 1
Event: 718,364 Thread 0x00007fcbe0008000 Uncommon trap: reason=unstable_if action=reinterpret pc=0x00007fcc216b2ee4 method=java.lang.ThreadLocal$ThreadLocalMap.nextIndex(II)I @ 4
Event: 718,774 Thread 0x00007fcbe0009000 Uncommon trap: reason=class_check action=maybe_recompile pc=0x00007fcc23856214 method=org.jetbrains.kotlin.com.intellij.util.io.DataOutputStream.write([BII)V @ 7
Event: 718,779 Thread 0x00007fcbe0009000 Uncommon trap: reason=class_check action=maybe_recompile pc=0x00007fcc23856214 method=org.jetbrains.kotlin.com.intellij.util.io.DataOutputStream.write([BII)V @ 7

Classes redefined (0 events):
No events

Internal exceptions (10 events):
Event: 376,107 Thread 0x00007fcbe0005000 Exception <a 'sun/nio/fs/UnixException'> (0x00000000e30e8960) thrown at [/usr/local/google/home/ralucas/source/AOSP-openjdk-git/jdk8u/hotspot/src/share/vm/prims/jni.cpp, line 709]
Event: 399,093 Thread 0x00007fcbe0001800 Exception <a 'sun/nio/fs/UnixException'> (0x00000000e5127c00) thrown at [/usr/local/google/home/ralucas/source/AOSP-openjdk-git/jdk8u/hotspot/src/share/vm/prims/jni.cpp, line 709]
Event: 428,911 Thread 0x00007fcbb4002800 Exception <a 'java/lang/InterruptedException'> (0x00000000e56ec098) thrown at [/usr/local/google/home/ralucas/source/AOSP-openjdk-git/jdk8u/hotspot/src/share/vm/runtime/objectMonitor.cpp, line 1684]
Event: 428,930 Thread 0x00007fcbe0007000 Exception <a 'sun/nio/fs/UnixException'> (0x00000000e5806ce8) thrown at [/usr/local/google/home/ralucas/source/AOSP-openjdk-git/jdk8u/hotspot/src/share/vm/prims/jni.cpp, line 709]
Event: 476,084 Thread 0x00007fcbc80dd800 Exception <a 'java/lang/InterruptedException'> (0x00000000e60ab9b8) thrown at [/usr/local/google/home/ralucas/source/AOSP-openjdk-git/jdk8u/hotspot/src/share/vm/runtime/objectMonitor.cpp, line 1684]
Event: 476,103 Thread 0x00007fcbe0005000 Exception <a 'sun/nio/fs/UnixException'> (0x00000000e61a2580) thrown at [/usr/local/google/home/ralucas/source/AOSP-openjdk-git/jdk8u/hotspot/src/share/vm/prims/jni.cpp, line 709]
Event: 709,350 Thread 0x00007fcbb80b1800 Exception <a 'java/lang/InterruptedException'> (0x00000000e4d07620) thrown at [/usr/local/google/home/ralucas/source/AOSP-openjdk-git/jdk8u/hotspot/src/share/vm/runtime/objectMonitor.cpp, line 1684]
Event: 710,563 Thread 0x00007fcbe0007000 Exception <a 'sun/nio/fs/UnixException'> (0x00000000e903a2a8) thrown at [/usr/local/google/home/ralucas/source/AOSP-openjdk-git/jdk8u/hotspot/src/share/vm/prims/jni.cpp, line 709]
Event: 714,877 Thread 0x00007fcba8003000 Exception <a 'java/lang/InterruptedException'> (0x00000000e4b6ed70) thrown at [/usr/local/google/home/ralucas/source/AOSP-openjdk-git/jdk8u/hotspot/src/share/vm/runtime/objectMonitor.cpp, line 1684]
Event: 718,805 Thread 0x00007fcbe0009000 Exception <a 'sun/nio/fs/UnixException'> (0x00000000e493d800) thrown at [/usr/local/google/home/ralucas/source/AOSP-openjdk-git/jdk8u/hotspot/src/share/vm/prims/jni.cpp, line 709]

Events (10 events):
Event: 719,080 loading class org/jetbrains/kotlin/android/synthetic/descriptors/PredefinedPackageFragmentDescriptor$PredefinedScope
Event: 719,080 loading class org/jetbrains/kotlin/android/synthetic/descriptors/PredefinedPackageFragmentDescriptor$PredefinedScope done
Event: 719,081 loading class org/jetbrains/kotlin/android/synthetic/res/AndroidPackageFragmentProviderExtension$getPackageFragmentProvider$$inlined$let$lambda$1
Event: 719,081 loading class org/jetbrains/kotlin/android/synthetic/res/AndroidPackageFragmentProviderExtension$getPackageFragmentProvider$$inlined$let$lambda$1 done
Event: 719,082 loading class org/jetbrains/kotlin/android/synthetic/res/AndroidSyntheticPackageFragmentProvider
Event: 719,082 loading class org/jetbrains/kotlin/android/synthetic/res/AndroidSyntheticPackageFragmentProvider done
Event: 719,082 loading class org/jetbrains/kotlin/descriptors/PackageFragmentProvider
Event: 719,082 loading class org/jetbrains/kotlin/descriptors/PackageFragmentProvider done
Event: 719,098 loading class org/jetbrains/kotlin/descriptors/PackageFragmentDescriptor
Event: 719,098 loading class org/jetbrains/kotlin/descriptors/PackageFragmentDescriptor done


Dynamic libraries:
00400000-00401000 r-xp 00000000 08:03 7875721                            /opt/android-studio/jre/jre/bin/java
00600000-00601000 r--p 00000000 08:03 7875721                            /opt/android-studio/jre/jre/bin/java
00601000-00602000 rw-p 00001000 08:03 7875721                            /opt/android-studio/jre/jre/bin/java
01880000-018a1000 rw-p 00000000 00:00 0                                  [heap]
a0000000-a7a80000 rw-p 00000000 00:00 0 
a7a80000-e0000000 ---p 00000000 00:00 0 
e0000000-fa380000 rw-p 00000000 00:00 0 
fa380000-100000000 ---p 00000000 00:00 0 
100000000-10088c000 rw-p 00000000 00:00 0 
10088c000-140000000 ---p 00000000 00:00 0 
7fcba0000000-7fcba0021000 rw-p 00000000 00:00 0 
7fcba0021000-7fcba4000000 ---p 00000000 00:00 0 
7fcba4000000-7fcba4021000 rw-p 00000000 00:00 0 
7fcba4021000-7fcba8000000 ---p 00000000 00:00 0 
7fcba8000000-7fcba8410000 rw-p 00000000 00:00 0 
7fcba8410000-7fcbac000000 ---p 00000000 00:00 0 
7fcbac000000-7fcbac21e000 rw-p 00000000 00:00 0 
7fcbac21e000-7fcbb0000000 ---p 00000000 00:00 0 
7fcbb0000000-7fcbb0021000 rw-p 00000000 00:00 0 
7fcbb0021000-7fcbb4000000 ---p 00000000 00:00 0 
7fcbb4000000-7fcbb4382000 rw-p 00000000 00:00 0 
7fcbb4382000-7fcbb8000000 ---p 00000000 00:00 0 
7fcbb8000000-7fcbb84e6000 rw-p 00000000 00:00 0 
7fcbb84e6000-7fcbbc000000 ---p 00000000 00:00 0 
7fcbbc64c000-7fcbbc759000 r--s 01b19000 08:03 6304667                    /home/smail/Android/Sdk/platforms/android-27/android.jar
7fcbbc759000-7fcbbc859000 rw-p 00000000 00:00 0 
7fcbbc859000-7fcbbc959000 ---p 00000000 00:00 0 
7fcbbc965000-7fcbbc968000 ---p 00000000 00:00 0 
7fcbbc968000-7fcbbcc66000 rw-p 00000000 00:00 0 
7fcbbcc66000-7fcbbce66000 rw-p 00000000 00:00 0 
7fcbbce66000-7fcbbd066000 rw-p 00000000 00:00 0 
7fcbbd066000-7fcbbd266000 rw-p 00000000 00:00 0 
7fcbbd272000-7fcbbd275000 ---p 00000000 00:00 0 
7fcbbd275000-7fcbbd373000 rw-p 00000000 00:00 0 
7fcbbd373000-7fcbbd376000 ---p 00000000 00:00 0 
7fcbbd376000-7fcbbd674000 rw-p 00000000 00:00 0 
7fcbbd680000-7fcbbd683000 ---p 00000000 00:00 0 
7fcbbd683000-7fcbbd781000 rw-p 00000000 00:00 0 
7fcbbd781000-7fcbbd784000 ---p 00000000 00:00 0 
7fcbbd784000-7fcbbd882000 rw-p 00000000 00:00 0 
7fcbbd882000-7fcbbd885000 ---p 00000000 00:00 0 
7fcbbd885000-7fcbbdb83000 rw-p 00000000 00:00 0 
7fcbbdb83000-7fcbbdd83000 rw-p 00000000 00:00 0 
7fcbbdd83000-7fcbbdf83000 rw-p 00000000 00:00 0 
7fcbbdf83000-7fcbbe183000 rw-p 00000000 00:00 0 
7fcbbe183000-7fcbbe383000 rw-p 00000000 00:00 0 
7fcbbe383000-7fcbbe583000 rw-p 00000000 00:00 0 
7fcbbe583000-7fcbbe783000 rw-p 00000000 00:00 0 
7fcbbe783000-7fcbbe983000 rw-p 00000000 00:00 0 
7fcbbe983000-7fcbbeb83000 rw-p 00000000 00:00 0 
7fcbbeb83000-7fcbbed83000 rw-p 00000000 00:00 0 
7fcbbed83000-7fcbbef81000 rw-p 00000000 00:00 0 
7fcbbef81000-7fcbbef83000 ---p 00000000 00:00 0 
7fcbbef83000-7fcbbf183000 rw-p 00000000 00:00 0 
7fcbbf183000-7fcbbf383000 rw-p 00000000 00:00 0 
7fcbbf400000-7fcbbf600000 rw-p 00000000 00:00 0 
7fcbbf600000-7fcbbf800000 rw-p 00000000 00:00 0 
7fcbbf800000-7fcbbfa00000 rw-p 00000000 00:00 0 
7fcbbfa00000-7fcbbfc00000 rw-p 00000000 00:00 0 
7fcbbfc00000-7fcbbfe00000 rw-p 00000000 00:00 0 
7fcbbfe00000-7fcbc0000000 rw-p 00000000 00:00 0 
7fcbc0000000-7fcbc1aff000 rw-p 00000000 00:00 0 
7fcbc1aff000-7fcbc4000000 ---p 00000000 00:00 0 
7fcbc4000000-7fcbc4021000 rw-p 00000000 00:00 0 
7fcbc4021000-7fcbc8000000 ---p 00000000 00:00 0 
7fcbc8000000-7fcbc849f000 rw-p 00000000 00:00 0 
7fcbc849f000-7fcbcc000000 ---p 00000000 00:00 0 
7fcbcc000000-7fcbcc021000 rw-p 00000000 00:00 0 
7fcbcc021000-7fcbd0000000 ---p 00000000 00:00 0 
7fcbd0000000-7fcbd0021000 rw-p 00000000 00:00 0 
7fcbd0021000-7fcbd4000000 ---p 00000000 00:00 0 
7fcbd4000000-7fcbd4021000 rw-p 00000000 00:00 0 
7fcbd4021000-7fcbd8000000 ---p 00000000 00:00 0 
7fcbd8000000-7fcbd8378000 rw-p 00000000 00:00 0 
7fcbd8378000-7fcbdc000000 ---p 00000000 00:00 0 
7fcbdc000000-7fcbdc021000 rw-p 00000000 00:00 0 
7fcbdc021000-7fcbe0000000 ---p 00000000 00:00 0 
7fcbe0000000-7fcbe0021000 rw-p 00000000 00:00 0 
7fcbe0021000-7fcbe4000000 ---p 00000000 00:00 0 
7fcbe4000000-7fcbe4021000 rw-p 00000000 00:00 0 
7fcbe4021000-7fcbe8000000 ---p 00000000 00:00 0 
7fcbe80f6000-7fcbe80f9000 ---p 00000000 00:00 0 
7fcbe80f9000-7fcbe83f7000 rw-p 00000000 00:00 0 
7fcbe83f7000-7fcbe85f7000 rw-p 00000000 00:00 0 
7fcbe85f7000-7fcbe85fa000 ---p 00000000 00:00 0 
7fcbe85fa000-7fcbe86f8000 rw-p 00000000 00:00 0 
7fcbe86f8000-7fcbe86fb000 ---p 00000000 00:00 0 
7fcbe86fb000-7fcbe87f9000 rw-p 00000000 00:00 0 
7fcbe87f9000-7fcbe87fc000 ---p 00000000 00:00 0 
7fcbe87fc000-7fcbe8afa000 rw-p 00000000 00:00 0 
7fcbe8afa000-7fcbe8afd000 ---p 00000000 00:00 0 
7fcbe8afd000-7fcbe8bfb000 rw-p 00000000 00:00 0 
7fcbe8bfb000-7fcbe8bfe000 ---p 00000000 00:00 0 
7fcbe8bfe000-7fcbe8cfc000 rw-p 00000000 00:00 0 
7fcbe8cfc000-7fcbe8cff000 ---p 00000000 00:00 0 
7fcbe8cff000-7fcbe8dfd000 rw-p 00000000 00:00 0 
7fcbe8dfd000-7fcbe8e00000 ---p 00000000 00:00 0 
7fcbe8e00000-7fcbe8efe000 rw-p 00000000 00:00 0 
7fcbe8efe000-7fcbe8f01000 ---p 00000000 00:00 0 
7fcbe8f01000-7fcbec000000 rw-p 00000000 00:00 0 
7fcbec000000-7fcbecf4a000 rw-p 00000000 00:00 0 
7fcbecf4a000-7fcbf0000000 ---p 00000000 00:00 0 
7fcbf0000000-7fcbf0021000 rw-p 00000000 00:00 0 
7fcbf0021000-7fcbf4000000 ---p 00000000 00:00 0 
7fcbf4000000-7fcbf5a8f000 rw-p 00000000 00:00 0 
7fcbf5a8f000-7fcbf8000000 ---p 00000000 00:00 0 
7fcbf8000000-7fcbf9da1000 rw-p 00000000 00:00 0 
7fcbf9da1000-7fcbfc000000 ---p 00000000 00:00 0 
7fcbfc000000-7fcbfc021000 rw-p 00000000 00:00 0 
7fcbfc021000-7fcc00000000 ---p 00000000 00:00 0 
7fcc00000000-7fcc00021000 rw-p 00000000 00:00 0 
7fcc00021000-7fcc04000000 ---p 00000000 00:00 0 
7fcc04000000-7fcc0406a000 rw-p 00000000 00:00 0 
7fcc0406a000-7fcc08000000 ---p 00000000 00:00 0 
7fcc08000000-7fcc08021000 rw-p 00000000 00:00 0 
7fcc08021000-7fcc0c000000 ---p 00000000 00:00 0 
7fcc0c000000-7fcc0c030000 rw-p 00000000 00:00 0 
7fcc0c030000-7fcc10000000 ---p 00000000 00:00 0 
7fcc10000000-7fcc10021000 rw-p 00000000 00:00 0 
7fcc10021000-7fcc14000000 ---p 00000000 00:00 0 
7fcc14000000-7fcc14021000 rw-p 00000000 00:00 0 
7fcc14021000-7fcc18000000 ---p 00000000 00:00 0 
7fcc18030000-7fcc1803e000 r--s 000d5000 08:03 6310278                    /home/smail/.gradle/caches/modules-2/files-2.1/android.arch.persistence.room/compiler/1.0.0/5d06e00cf902bc7e198eef8bbb1394bef5ae0c21/compiler-1.0.0.jar
7fcc1803f000-7fcc18044000 r--s 00023000 08:03 6300092                    /home/smail/.gradle/caches/modules-2/files-2.1/com.nostra13.universalimageloader/universal-image-loader/1.9.3/a85588bec3e2c4584d593d3f15df1677321bca72/universal-image-loader-1.9.3.jar
7fcc18044000-7fcc18046000 r--s 0000e000 08:03 6166230                    /home/smail/.gradle/caches/transforms-1/files-1.1/constraint-layout-1.1.3.aar/dbcaa0c11844d9d490de690732277d6b/jars/classes.jar
7fcc18046000-7fcc1804c000 r--s 00043000 08:03 5899055                    /home/smail/.gradle/caches/transforms-1/files-1.1/design-27.1.1.aar/1a699afce8d228daa5e873c8e807f2c8/jars/classes.jar
7fcc1804c000-7fcc18050000 r--s 00043000 08:03 5140289                    /home/smail/.gradle/caches/transforms-1/files-1.1/support-core-ui-27.1.1.aar/90494b9879dfe1dd30dfd58e98a50552/jars/classes.jar
7fcc18050000-7fcc1805c000 r--s 00080000 08:03 5140415                    /home/smail/.gradle/caches/transforms-1/files-1.1/support-compat-27.1.1.aar/5f501eef8c60d3db05e64c74f720d37d/jars/classes.jar
7fcc1805c000-7fcc1805f000 r--s 00017000 08:03 5140406                    /home/smail/.gradle/caches/transforms-1/files-1.1/support-core-utils-27.1.1.aar/3ba688c9690cebe6e58213084aa6d6de/jars/classes.jar
7fcc1805f000-7fcc1806a000 r--s 000a0000 08:03 5898896                    /home/smail/.gradle/caches/transforms-1/files-1.1/appcompat-v7-27.1.1.aar/a921ad2e60bbdc46dab7e16bd4a34c6c/jars/classes.jar
7fcc1806a000-7fcc1807a000 r--s 000db000 08:03 6300226                    /home/smail/.gradle/caches/modules-2/files-2.1/org.jetbrains.kotlin/kotlin-stdlib/1.2.51/fa8127e505bff50fec291d0dd619d1bda5c619e0/kotlin-stdlib-1.2.51.jar
7fcc1807a000-7fcc18080000 r--s 00015000 08:03 6300223                    /home/smail/.gradle/caches/modules-2/files-2.1/org.jetbrains.kotlin/kotlin-stdlib-common/1.2.51/e4a9d4b13ab19ed1e6531fce6df98e8cfa7f7301/kotlin-stdlib-common-1.2.51.jar
7fcc18080000-7fcc18082000 r--s 0001c000 08:03 6300209                    /home/smail/.gradle/caches/modules-2/files-2.1/com.android.support.constraint/constraint-layout-solver/1.1.3/bde0667d7414c16ed62d3cfe993cff7f9d732373/constraint-layout-solver-1.1.3.jar
7fcc18082000-7fcc18084000 r--s 00005000 08:03 6307099                    /home/smail/.gradle/caches/modules-2/files-2.1/com.android.support/support-annotations/27.1.1/39ded76b5e1ce1c5b2688e1d25cdc20ecee32007/support-annotations-27.1.1.jar
7fcc18084000-7fcc18096000 r--s 00345000 08:03 7875746                    /opt/android-studio/jre/jre/lib/resources.jar
7fcc18096000-7fcc18099000 ---p 00000000 00:00 0 
7fcc18099000-7fcc18197000 rw-p 00000000 00:00 0 
7fcc18197000-7fcc18210000 r--s 010fd000 08:03 7875717                    /opt/android-studio/jre/lib/tools.jar
7fcc18210000-7fcc18226000 r-xp 00000000 08:03 7875789                    /opt/android-studio/jre/jre/lib/amd64/libnet.so
7fcc18226000-7fcc18426000 ---p 00016000 08:03 7875789                    /opt/android-studio/jre/jre/lib/amd64/libnet.so
7fcc18426000-7fcc18427000 r--p 00016000 08:03 7875789                    /opt/android-studio/jre/jre/lib/amd64/libnet.so
7fcc18427000-7fcc18428000 rw-p 00017000 08:03 7875789                    /opt/android-studio/jre/jre/lib/amd64/libnet.so
7fcc18428000-7fcc18439000 r-xp 00000000 08:03 7875787                    /opt/android-studio/jre/jre/lib/amd64/libnio.so
7fcc18439000-7fcc18638000 ---p 00011000 08:03 7875787                    /opt/android-studio/jre/jre/lib/amd64/libnio.so
7fcc18638000-7fcc18639000 r--p 00010000 08:03 7875787                    /opt/android-studio/jre/jre/lib/amd64/libnio.so
7fcc18639000-7fcc1863a000 rw-p 00011000 08:03 7875787                    /opt/android-studio/jre/jre/lib/amd64/libnio.so
7fcc1863a000-7fcc18643000 r-xp 00000000 08:03 7875795                    /opt/android-studio/jre/jre/lib/amd64/libmanagement.so
7fcc18643000-7fcc18842000 ---p 00009000 08:03 7875795                    /opt/android-studio/jre/jre/lib/amd64/libmanagement.so
7fcc18842000-7fcc18843000 r--p 00008000 08:03 7875795                    /opt/android-studio/jre/jre/lib/amd64/libmanagement.so
7fcc18843000-7fcc18844000 rw-p 00009000 08:03 7875795                    /opt/android-studio/jre/jre/lib/amd64/libmanagement.so
7fcc18844000-7fcc189fa000 r--s 017ec000 08:03 6306634                    /home/smail/.gradle/caches/modules-2/files-2.1/org.jetbrains.kotlin/kotlin-compiler-embeddable/1.2.30/9b3f10d4717b9ac238b287e9b6eb2b4eadd8e870/kotlin-compiler-embeddable-1.2.30.jar
7fcc189fa000-7fcc189fb000 ---p 00000000 00:00 0 
7fcc189fb000-7fcc18afb000 rw-p 00000000 00:00 0 
7fcc18afb000-7fcc18afe000 ---p 00000000 00:00 0 
7fcc18afe000-7fcc18bfc000 rw-p 00000000 00:00 0 
7fcc18bfc000-7fcc18bff000 ---p 00000000 00:00 0 
7fcc18bff000-7fcc18cfd000 rw-p 00000000 00:00 0 
7fcc18cfd000-7fcc18d00000 ---p 00000000 00:00 0 
7fcc18d00000-7fcc18dfe000 rw-p 00000000 00:00 0 
7fcc18dfe000-7fcc18e01000 ---p 00000000 00:00 0 
7fcc18e01000-7fcc18eff000 rw-p 00000000 00:00 0 
7fcc18eff000-7fcc18f02000 ---p 00000000 00:00 0 
7fcc18f02000-7fcc1c000000 rw-p 00000000 00:00 0 
7fcc1c000000-7fcc1c021000 rw-p 00000000 00:00 0 
7fcc1c021000-7fcc20000000 ---p 00000000 00:00 0 
7fcc20000000-7fcc20004000 r--s 00029000 08:03 5140283                    /home/smail/.gradle/caches/transforms-1/files-1.1/support-fragment-27.1.1.aar/c8de3ea9682e69ea600f2f37f0504b57/jars/classes.jar
7fcc20004000-7fcc20007000 r--s 00028000 08:03 6165498                    /home/smail/.gradle/caches/transforms-1/files-1.1/commons-base-0.10.6.aar/8eaa00543600561d5f1cca125c370e76/jars/classes.jar
7fcc20007000-7fcc20009000 r--s 00004000 08:03 6306760                    /home/smail/.gradle/caches/modules-2/files-2.1/android.arch.lifecycle/common/1.1.0/edf3f7bfb84a7521d0599efa3b0113a0ee90f85/common-1.1.0.jar
7fcc20009000-7fcc20024000 r--s 00394000 08:03 7875823                    /opt/android-studio/jre/jre/lib/ext/cldrdata.jar
7fcc20024000-7fcc20058000 r--s 00245000 08:03 6306638                    /home/smail/.gradle/caches/modules-2/files-2.1/org.jetbrains.kotlin/kotlin-reflect/1.2.30/9758025a415ee400e1f90ff222bcfec247779133/kotlin-reflect-1.2.30.jar
7fcc20058000-7fcc20093000 rw-p 00000000 00:00 0 
7fcc20093000-7fcc20370000 r--p 00000000 08:03 7733811                    /usr/lib/locale/locale-archive
7fcc20370000-7fcc20373000 ---p 00000000 00:00 0 
7fcc20373000-7fcc20471000 rw-p 00000000 00:00 0 
7fcc20471000-7fcc20474000 ---p 00000000 00:00 0 
7fcc20474000-7fcc20572000 rw-p 00000000 00:00 0 
7fcc20572000-7fcc20573000 ---p 00000000 00:00 0 
7fcc20573000-7fcc21000000 rw-p 00000000 00:00 0 
7fcc21000000-7fcc23cb0000 rwxp 00000000 00:00 0 
7fcc23cb0000-7fcc30000000 ---p 00000000 00:00 0 
7fcc30000000-7fcc303e3000 rw-p 00000000 00:00 0 
7fcc303e3000-7fcc34000000 ---p 00000000 00:00 0 
7fcc34000000-7fcc34001000 r--s 00002000 08:03 6830204                    /home/smail/.gradle/caches/transforms-1/files-1.1/materialfavoritebutton-0.1.4.aar/855a054d7a74a2e3eb483f17166da224/jars/classes.jar
7fcc34001000-7fcc34003000 r--s 00003000 08:03 6310535                    /home/smail/.gradle/caches/modules-2/files-2.1/org.jetbrains/annotations/13.0/919f0dfe192fb4e063e7dacadee7f8bb9a2672a9/annotations-13.0.jar
7fcc34003000-7fcc34008000 r--s 00060000 08:03 6306908                    /home/smail/.gradle/caches/modules-2/files-2.1/com.squareup.okhttp3/okhttp/3.10.0/7ef0f1d95bf4c0b3ba30bbae25e0e562b05cf75e/okhttp-3.10.0.jar
7fcc34008000-7fcc3465c000 rw-p 00000000 00:00 0 
7fcc3465c000-7fcc3482c000 r--s 03c46000 08:03 7875743                    /opt/android-studio/jre/jre/lib/rt.jar
7fcc3482c000-7fcc353a2000 rw-p 00000000 00:00 0 
7fcc353a2000-7fcc353a3000 ---p 00000000 00:00 0 
7fcc353a3000-7fcc354a3000 rw-p 00000000 00:00 0 
7fcc354a3000-7fcc354a4000 ---p 00000000 00:00 0 
7fcc354a4000-7fcc355a4000 rw-p 00000000 00:00 0 
7fcc355a4000-7fcc355a5000 ---p 00000000 00:00 0 
7fcc355a5000-7fcc356a5000 rw-p 00000000 00:00 0 
7fcc356a5000-7fcc356a6000 ---p 00000000 00:00 0 
7fcc356a6000-7fcc357e4000 rw-p 00000000 00:00 0 
7fcc357e4000-7fcc359a6000 ---p 00000000 00:00 0 
7fcc359a6000-7fcc359e4000 rw-p 00000000 00:00 0 
7fcc359e4000-7fcc35ba6000 ---p 00000000 00:00 0 
7fcc35ba6000-7fcc35c78000 rw-p 00000000 00:00 0 
7fcc35c78000-7fcc35ca6000 ---p 00000000 00:00 0 
7fcc35ca6000-7fcc35d5a000 rw-p 00000000 00:00 0 
7fcc35d5a000-7fcc36067000 ---p 00000000 00:00 0 
7fcc36067000-7fcc36081000 r-xp 00000000 08:03 7875764                    /opt/android-studio/jre/jre/lib/amd64/libzip.so
7fcc36081000-7fcc36281000 ---p 0001a000 08:03 7875764                    /opt/android-studio/jre/jre/lib/amd64/libzip.so
7fcc36281000-7fcc36282000 r--p 0001a000 08:03 7875764                    /opt/android-studio/jre/jre/lib/amd64/libzip.so
7fcc36282000-7fcc36283000 rw-p 0001b000 08:03 7875764                    /opt/android-studio/jre/jre/lib/amd64/libzip.so
7fcc36283000-7fcc3628e000 r-xp 00000000 08:03 525317                     /lib/x86_64-linux-gnu/libnss_files-2.26.so
7fcc3628e000-7fcc3648d000 ---p 0000b000 08:03 525317                     /lib/x86_64-linux-gnu/libnss_files-2.26.so
7fcc3648d000-7fcc3648e000 r--p 0000a000 08:03 525317                     /lib/x86_64-linux-gnu/libnss_files-2.26.so
7fcc3648e000-7fcc3648f000 rw-p 0000b000 08:03 525317                     /lib/x86_64-linux-gnu/libnss_files-2.26.so
7fcc3648f000-7fcc36495000 rw-p 00000000 00:00 0 
7fcc36495000-7fcc364a0000 r-xp 00000000 08:03 525319                     /lib/x86_64-linux-gnu/libnss_nis-2.26.so
7fcc364a0000-7fcc3669f000 ---p 0000b000 08:03 525319                     /lib/x86_64-linux-gnu/libnss_nis-2.26.so
7fcc3669f000-7fcc366a0000 r--p 0000a000 08:03 525319                     /lib/x86_64-linux-gnu/libnss_nis-2.26.so
7fcc366a0000-7fcc366a1000 rw-p 0000b000 08:03 525319                     /lib/x86_64-linux-gnu/libnss_nis-2.26.so
7fcc366a1000-7fcc366b8000 r-xp 00000000 08:03 525314                     /lib/x86_64-linux-gnu/libnsl-2.26.so
7fcc366b8000-7fcc368b7000 ---p 00017000 08:03 525314                     /lib/x86_64-linux-gnu/libnsl-2.26.so
7fcc368b7000-7fcc368b8000 r--p 00016000 08:03 525314                     /lib/x86_64-linux-gnu/libnsl-2.26.so
7fcc368b8000-7fcc368b9000 rw-p 00017000 08:03 525314                     /lib/x86_64-linux-gnu/libnsl-2.26.so
7fcc368b9000-7fcc368bb000 rw-p 00000000 00:00 0 
7fcc368bb000-7fcc368c3000 r-xp 00000000 08:03 525315                     /lib/x86_64-linux-gnu/libnss_compat-2.26.so
7fcc368c3000-7fcc36ac2000 ---p 00008000 08:03 525315                     /lib/x86_64-linux-gnu/libnss_compat-2.26.so
7fcc36ac2000-7fcc36ac3000 r--p 00007000 08:03 525315                     /lib/x86_64-linux-gnu/libnss_compat-2.26.so
7fcc36ac3000-7fcc36ac4000 rw-p 00008000 08:03 525315                     /lib/x86_64-linux-gnu/libnss_compat-2.26.so
7fcc36ac4000-7fcc36af1000 r-xp 00000000 08:03 7875763                    /opt/android-studio/jre/jre/lib/amd64/libjava.so
7fcc36af1000-7fcc36cf0000 ---p 0002d000 08:03 7875763                    /opt/android-studio/jre/jre/lib/amd64/libjava.so
7fcc36cf0000-7fcc36cf1000 r--p 0002c000 08:03 7875763                    /opt/android-studio/jre/jre/lib/amd64/libjava.so
7fcc36cf1000-7fcc36cf3000 rw-p 0002d000 08:03 7875763                    /opt/android-studio/jre/jre/lib/amd64/libjava.so
7fcc36cf3000-7fcc36d03000 r-xp 00000000 08:03 7875769                    /opt/android-studio/jre/jre/lib/amd64/libverify.so
7fcc36d03000-7fcc36f02000 ---p 00010000 08:03 7875769                    /opt/android-studio/jre/jre/lib/amd64/libverify.so
7fcc36f02000-7fcc36f04000 r--p 0000f000 08:03 7875769                    /opt/android-studio/jre/jre/lib/amd64/libverify.so
7fcc36f04000-7fcc36f05000 rw-p 00011000 08:03 7875769                    /opt/android-studio/jre/jre/lib/amd64/libverify.so
7fcc36f05000-7fcc36f0c000 r-xp 00000000 08:03 525324                     /lib/x86_64-linux-gnu/librt-2.26.so
7fcc36f0c000-7fcc3710b000 ---p 00007000 08:03 525324                     /lib/x86_64-linux-gnu/librt-2.26.so
7fcc3710b000-7fcc3710c000 r--p 00006000 08:03 525324                     /lib/x86_64-linux-gnu/librt-2.26.so
7fcc3710c000-7fcc3710d000 rw-p 00007000 08:03 525324                     /lib/x86_64-linux-gnu/librt-2.26.so
7fcc3710d000-7fcc37262000 r-xp 00000000 08:03 525311                     /lib/x86_64-linux-gnu/libm-2.26.so
7fcc37262000-7fcc37461000 ---p 00155000 08:03 525311                     /lib/x86_64-linux-gnu/libm-2.26.so
7fcc37461000-7fcc37462000 r--p 00154000 08:03 525311                     /lib/x86_64-linux-gnu/libm-2.26.so
7fcc37462000-7fcc37463000 rw-p 00155000 08:03 525311                     /lib/x86_64-linux-gnu/libm-2.26.so
7fcc37463000-7fcc3805f000 r-xp 00000000 08:03 7875773                    /opt/android-studio/jre/jre/lib/amd64/server/libjvm.so
7fcc3805f000-7fcc3825f000 ---p 00bfc000 08:03 7875773                    /opt/android-studio/jre/jre/lib/amd64/server/libjvm.so
7fcc3825f000-7fcc382ff000 r--p 00bfc000 08:03 7875773                    /opt/android-studio/jre/jre/lib/amd64/server/libjvm.so
7fcc382ff000-7fcc38328000 rw-p 00c9c000 08:03 7875773                    /opt/android-studio/jre/jre/lib/amd64/server/libjvm.so
7fcc38328000-7fcc3836c000 rw-p 00000000 00:00 0 
7fcc3836c000-7fcc38386000 r-xp 00000000 08:03 525322                     /lib/x86_64-linux-gnu/libpthread-2.26.so
7fcc38386000-7fcc38585000 ---p 0001a000 08:03 525322                     /lib/x86_64-linux-gnu/libpthread-2.26.so
7fcc38585000-7fcc38586000 r--p 00019000 08:03 525322                     /lib/x86_64-linux-gnu/libpthread-2.26.so
7fcc38586000-7fcc38587000 rw-p 0001a000 08:03 525322                     /lib/x86_64-linux-gnu/libpthread-2.26.so
7fcc38587000-7fcc3858b000 rw-p 00000000 00:00 0 
7fcc3858b000-7fcc3858e000 r-xp 00000000 08:03 525310                     /lib/x86_64-linux-gnu/libdl-2.26.so
7fcc3858e000-7fcc3878d000 ---p 00003000 08:03 525310                     /lib/x86_64-linux-gnu/libdl-2.26.so
7fcc3878d000-7fcc3878e000 r--p 00002000 08:03 525310                     /lib/x86_64-linux-gnu/libdl-2.26.so
7fcc3878e000-7fcc3878f000 rw-p 00003000 08:03 525310                     /lib/x86_64-linux-gnu/libdl-2.26.so
7fcc3878f000-7fcc38965000 r-xp 00000000 08:03 525307                     /lib/x86_64-linux-gnu/libc-2.26.so
7fcc38965000-7fcc38b65000 ---p 001d6000 08:03 525307                     /lib/x86_64-linux-gnu/libc-2.26.so
7fcc38b65000-7fcc38b69000 r--p 001d6000 08:03 525307                     /lib/x86_64-linux-gnu/libc-2.26.so
7fcc38b69000-7fcc38b6b000 rw-p 001da000 08:03 525307                     /lib/x86_64-linux-gnu/libc-2.26.so
7fcc38b6b000-7fcc38b6f000 rw-p 00000000 00:00 0 
7fcc38b6f000-7fcc38b85000 r-xp 00000000 08:03 7875780                    /opt/android-studio/jre/jre/lib/amd64/jli/libjli.so
7fcc38b85000-7fcc38d84000 ---p 00016000 08:03 7875780                    /opt/android-studio/jre/jre/lib/amd64/jli/libjli.so
7fcc38d84000-7fcc38d85000 r--p 00015000 08:03 7875780                    /opt/android-studio/jre/jre/lib/amd64/jli/libjli.so
7fcc38d85000-7fcc38d86000 rw-p 00016000 08:03 7875780                    /opt/android-studio/jre/jre/lib/amd64/jli/libjli.so
7fcc38d86000-7fcc38dad000 r-xp 00000000 08:03 525239                     /lib/x86_64-linux-gnu/ld-2.26.so
7fcc38dad000-7fcc38dae000 r--s 00000000 08:03 6306662                    /home/smail/.gradle/caches/modules-2/files-2.1/org.jetbrains.kotlin/kotlin-stdlib-jre7/1.2.30/b38fc19e670ebef931fef3ccdcb94eac2b65bb7d/kotlin-stdlib-jre7-1.2.30.jar
7fcc38dae000-7fcc38daf000 r--s 00001000 08:03 2758845                    /home/smail/.gradle/caches/transforms-1/files-1.1/viewmodel-1.1.0.aar/afd04c246485849283566753d82cd089/jars/classes.jar
7fcc38daf000-7fcc38db4000 r--s 00045000 08:03 6306636                    /home/smail/.gradle/caches/modules-2/files-2.1/org.jetbrains.kotlin/kotlin-annotation-processing-gradle/1.2.30/75c470067bc6c79bddeaa63ba15a1ce39db2d24a/kotlin-annotation-processing-gradle-1.2.30.jar
7fcc38db4000-7fcc38dbb000 r--s 00048000 08:03 6306637                    /home/smail/.gradle/caches/modules-2/files-2.1/org.jetbrains.kotlin/kotlin-android-extensions/1.2.30/680ff8d567db8dec157cd9344f0a1d2b5e4d651b/kotlin-android-extensions-1.2.30.jar
7fcc38dbb000-7fcc38dc0000 r--s 0009a000 08:03 7875842                    /opt/android-studio/jre/jre/lib/jsse.jar
7fcc38dc0000-7fcc38dca000 r--s 00116000 08:03 7875817                    /opt/android-studio/jre/jre/lib/ext/localedata.jar
7fcc38dca000-7fcc38dcc000 r--s 00008000 08:03 6306641                    /home/smail/.gradle/caches/modules-2/files-2.1/org.jetbrains.kotlin/kotlin-script-runtime/1.2.30/37ee7531a636e99b639f8b1544cdda27d0ee30b0/kotlin-script-runtime-1.2.30.jar
7fcc38dcc000-7fcc38e8e000 rw-p 00000000 00:00 0 
7fcc38e8e000-7fcc38e91000 ---p 00000000 00:00 0 
7fcc38e91000-7fcc38f91000 rw-p 00000000 00:00 0 
7fcc38f91000-7fcc38f92000 r--s 00014000 08:03 6306907                    /home/smail/.gradle/caches/modules-2/files-2.1/com.squareup.okio/okio/1.14.0/102d7be47241d781ef95f1581d414b0943053130/okio-1.14.0.jar
7fcc38f92000-7fcc38fa1000 r--s 000d7000 08:03 6306639                    /home/smail/.gradle/caches/modules-2/files-2.1/org.jetbrains.kotlin/kotlin-stdlib/1.2.30/2dfac33f8b4e92c9dd1422cd286834701a6f6d6/kotlin-stdlib-1.2.30.jar
7fcc38fa1000-7fcc38fa9000 rw-s 00000000 08:03 6302103                    /tmp/hsperfdata_smail/4682
7fcc38fa9000-7fcc38faa000 rw-p 00000000 00:00 0 
7fcc38faa000-7fcc38fab000 r--p 00000000 00:00 0 
7fcc38fab000-7fcc38fad000 rw-p 00000000 00:00 0 
7fcc38fad000-7fcc38fae000 r--p 00027000 08:03 525239                     /lib/x86_64-linux-gnu/ld-2.26.so
7fcc38fae000-7fcc38faf000 rw-p 00028000 08:03 525239                     /lib/x86_64-linux-gnu/ld-2.26.so
7fcc38faf000-7fcc38fb0000 rw-p 00000000 00:00 0 
7ffcc8503000-7ffcc8524000 rw-p 00000000 00:00 0                          [stack]
7ffcc85f9000-7ffcc85fc000 r--p 00000000 00:00 0                          [vvar]
7ffcc85fc000-7ffcc85fe000 r-xp 00000000 00:00 0                          [vdso]
ffffffffff600000-ffffffffff601000 r-xp 00000000 00:00 0                  [vsyscall]

VM Arguments:
jvm_args: -Djava.awt.headless=true -Djava.rmi.server.hostname=localhost -Xmx1536m -Dkotlin.environment.keepalive 
java_command: org.jetbrains.kotlin.daemon.KotlinCompileDaemon --daemon-runFilesPath /home/smail/.local/share/kotlin/daemon --daemon-autoshutdownIdleSeconds=7200 --daemon-compilerClasspath /home/smail/.gradle/caches/modules-2/files-2.1/org.jetbrains.kotlin/kotlin-compiler-embeddable/1.2.30/9b3f10d4717b9ac238b287e9b6eb2b4eadd8e870/kotlin-compiler-embeddable-1.2.30.jar:/home/smail/.gradle/caches/modules-2/files-2.1/org.jetbrains.kotlin/kotlin-stdlib/1.2.30/2dfac33f8b4e92c9dd1422cd286834701a6f6d6/kotlin-stdlib-1.2.30.jar:/home/smail/.gradle/caches/modules-2/files-2.1/org.jetbrains.kotlin/kotlin-script-runtime/1.2.30/37ee7531a636e99b639f8b1544cdda27d0ee30b0/kotlin-script-runtime-1.2.30.jar:/home/smail/.gradle/caches/modules-2/files-2.1/org.jetbrains.kotlin/kotlin-reflect/1.2.30/9758025a415ee400e1f90ff222bcfec247779133/kotlin-reflect-1.2.30.jar:/opt/android-studio/jre/lib/tools.jar
java_class_path (initial): /home/smail/.gradle/caches/modules-2/files-2.1/org.jetbrains.kotlin/kotlin-compiler-embeddable/1.2.30/9b3f10d4717b9ac238b287e9b6eb2b4eadd8e870/kotlin-compiler-embeddable-1.2.30.jar:/home/smail/.gradle/caches/modules-2/files-2.1/org.jetbrains.kotlin/kotlin-stdlib/1.2.30/2dfac33f8b4e92c9dd1422cd286834701a6f6d6/kotlin-stdlib-1.2.30.jar:/home/smail/.gradle/caches/modules-2/files-2.1/org.jetbrains.kotlin/kotlin-script-runtime/1.2.30/37ee7531a636e99b639f8b1544cdda27d0ee30b0/kotlin-script-runtime-1.2.30.jar:/home/smail/.gradle/caches/modules-2/files-2.1/org.jetbrains.kotlin/kotlin-reflect/1.2.30/9758025a415ee400e1f90ff222bcfec247779133/kotlin-reflect-1.2.30.jar:/opt/android-studio/jre/lib/tools.jar
Launcher Type: SUN_STANDARD

Environment Variables:
JAVA_HOME=/usr/lib/jvm/java-8-oracle
PATH=/usr/local/sbin:/usr/local/bin:/usr/sbin:/usr/bin:/sbin:/bin:/usr/games:/usr/local/games:/snap/bin:/usr/lib/jvm/java-8-oracle/bin:/usr/lib/jvm/java-8-oracle/db/bin:/usr/lib/jvm/java-8-oracle/jre/bin
USERNAME=smail
SHELL=/bin/bash
DISPLAY=:0

Signal Handlers:
SIGSEGV: [libjvm.so+0x9edb30], sa_mask[0]=11111111011111111101111111111110, sa_flags=SA_RESTART|SA_SIGINFO
SIGBUS: [libjvm.so+0x9edb30], sa_mask[0]=11111111011111111101111111111110, sa_flags=SA_RESTART|SA_SIGINFO
SIGFPE: [libjvm.so+0x84e800], sa_mask[0]=11111111011111111101111111111110, sa_flags=SA_RESTART|SA_SIGINFO
SIGPIPE: [libjvm.so+0x84e800], sa_mask[0]=11111111011111111101111111111110, sa_flags=SA_RESTART|SA_SIGINFO
SIGXFSZ: [libjvm.so+0x84e800], sa_mask[0]=11111111011111111101111111111110, sa_flags=SA_RESTART|SA_SIGINFO
SIGILL: [libjvm.so+0x84e800], sa_mask[0]=11111111011111111101111111111110, sa_flags=SA_RESTART|SA_SIGINFO
SIGUSR1: SIG_DFL, sa_mask[0]=00000000000000000000000000000000, sa_flags=none
SIGUSR2: [libjvm.so+0x84e6d0], sa_mask[0]=00100000000000000000000000000000, sa_flags=SA_RESTART|SA_SIGINFO
SIGHUP: [libjvm.so+0x84e8c0], sa_mask[0]=11111111011111111101111111111110, sa_flags=SA_RESTART|SA_SIGINFO
SIGINT: [libjvm.so+0x84e8c0], sa_mask[0]=11111111011111111101111111111110, sa_flags=SA_RESTART|SA_SIGINFO
SIGTERM: [libjvm.so+0x84e8c0], sa_mask[0]=11111111011111111101111111111110, sa_flags=SA_RESTART|SA_SIGINFO
SIGQUIT: [libjvm.so+0x84e8c0], sa_mask[0]=11111111011111111101111111111110, sa_flags=SA_RESTART|SA_SIGINFO


---------------  S Y S T E M  ---------------

OS:DISTRIB_ID=Ubuntu
DISTRIB_RELEASE=17.10
DISTRIB_CODENAME=artful
DISTRIB_DESCRIPTION="Ubuntu 17.10"

uname:Linux 4.13.0-46-generic #51-Ubuntu SMP Tue Jun 12 12:36:29 UTC 2018 x86_64
libc:glibc 2.26 NPTL 2.26 
rlimit: STACK 8192k, CORE 0k, NPROC 15137, NOFILE 1048576, AS infinity
load average:38,33 35,03 34,41

/proc/meminfo:
MemTotal:        3929480 kB
MemFree:          134432 kB
MemAvailable:     174228 kB
Buffers:           11556 kB
Cached:           288764 kB
SwapCached:        23892 kB
Active:          2906440 kB
Inactive:         675388 kB
Active(anon):    2822728 kB
Inactive(anon):   552100 kB
Active(file):      83712 kB
Inactive(file):   123288 kB
Unevictable:          32 kB
Mlocked:              32 kB
SwapTotal:       2097148 kB
SwapFree:        1587708 kB
Dirty:              1420 kB
Writeback:             0 kB
AnonPages:       3272932 kB
Mapped:            94808 kB
Shmem:             93224 kB
Slab:             117640 kB
SReclaimable:      76788 kB
SUnreclaim:        40852 kB
KernelStack:       10560 kB
PageTables:        41376 kB
NFS_Unstable:          0 kB
Bounce:                0 kB
WritebackTmp:          0 kB
CommitLimit:     4061888 kB
Committed_AS:    7204756 kB
VmallocTotal:   34359738367 kB
VmallocUsed:           0 kB
VmallocChunk:          0 kB
HardwareCorrupted:     0 kB
AnonHugePages:         0 kB
ShmemHugePages:        0 kB
ShmemPmdMapped:        0 kB
CmaTotal:              0 kB
CmaFree:               0 kB
HugePages_Total:       0
HugePages_Free:        0
HugePages_Rsvd:        0
HugePages_Surp:        0
Hugepagesize:       2048 kB
DirectMap4k:      137980 kB
DirectMap2M:     3946496 kB


CPU:total 4 (initial active 4) (2 cores per cpu, 2 threads per core) family 6 model 58 stepping 9, cmov, cx8, fxsr, mmx, sse, sse2, sse3, ssse3, sse4.1, sse4.2, popcnt, avx, clmul, erms, ht, tsc, tscinvbit, tscinv

/proc/cpuinfo:
processor	: 0
vendor_id	: GenuineIntel
cpu family	: 6
model		: 58
model name	: Intel(R) Core(TM) i3-3217U CPU @ 1.80GHz
stepping	: 9
microcode	: 0x1f
cpu MHz		: 1795.830
cache size	: 3072 KB
physical id	: 0
siblings	: 4
core id		: 0
cpu cores	: 2
apicid		: 0
initial apicid	: 0
fpu		: yes
fpu_exception	: yes
cpuid level	: 13
wp		: yes
flags		: fpu vme de pse tsc msr pae mce cx8 apic sep mtrr pge mca cmov pat pse36 clflush dts acpi mmx fxsr sse sse2 ss ht tm pbe syscall nx rdtscp lm constant_tsc arch_perfmon pebs bts rep_good nopl xtopology nonstop_tsc cpuid aperfmperf pni pclmulqdq dtes64 monitor ds_cpl vmx est tm2 ssse3 cx16 xtpr pdcm pcid sse4_1 sse4_2 x2apic popcnt tsc_deadline_timer xsave avx f16c lahf_lm cpuid_fault epb pti retpoline spec_ctrl tpr_shadow vnmi flexpriority ept vpid fsgsbase smep erms xsaveopt dtherm ida arat pln pts
bugs		: cpu_meltdown spectre_v1 spectre_v2 spec_store_bypass
bogomips	: 3591.66
clflush size	: 64
cache_alignment	: 64
address sizes	: 36 bits physical, 48 bits virtual
power management:

processor	: 1
vendor_id	: GenuineIntel
cpu family	: 6
model		: 58
model name	: Intel(R) Core(TM) i3-3217U CPU @ 1.80GHz
stepping	: 9
microcode	: 0x1f
cpu MHz		: 1795.834
cache size	: 3072 KB
physical id	: 0
siblings	: 4
core id		: 0
cpu cores	: 2
apicid		: 1
initial apicid	: 1
fpu		: yes
fpu_exception	: yes
cpuid level	: 13
wp		: yes
flags		: fpu vme de pse tsc msr pae mce cx8 apic sep mtrr pge mca cmov pat pse36 clflush dts acpi mmx fxsr sse sse2 ss ht tm pbe syscall nx rdtscp lm constant_tsc arch_perfmon pebs bts rep_good nopl xtopology nonstop_tsc cpuid aperfmperf pni pclmulqdq dtes64 monitor ds_cpl vmx est tm2 ssse3 cx16 xtpr pdcm pcid sse4_1 sse4_2 x2apic popcnt tsc_deadline_timer xsave avx f16c lahf_lm cpuid_fault epb pti retpoline spec_ctrl tpr_shadow vnmi flexpriority ept vpid fsgsbase smep erms xsaveopt dtherm ida arat pln pts
bugs		: cpu_meltdown spectre_v1 spectre_v2 spec_store_bypass
bogomips	: 3591.66
clflush size	: 64
cache_alignment	: 64
address sizes	: 36 bits physical, 48 bits virtual
power management:

processor	: 2
vendor_id	: GenuineIntel
cpu family	: 6
model		: 58
model name	: Intel(R) Core(TM) i3-3217U CPU @ 1.80GHz
stepping	: 9
microcode	: 0x1f
cpu MHz		: 1795.832
cache size	: 3072 KB
physical id	: 0
siblings	: 4
core id		: 1
cpu cores	: 2
apicid		: 2
initial apicid	: 2
fpu		: yes
fpu_exception	: yes
cpuid level	: 13
wp		: yes
flags		: fpu vme de pse tsc msr pae mce cx8 apic sep mtrr pge mca cmov pat pse36 clflush dts acpi mmx fxsr sse sse2 ss ht tm pbe syscall nx rdtscp lm constant_tsc arch_perfmon pebs bts rep_good nopl xtopology nonstop_tsc cpuid aperfmperf pni pclmulqdq dtes64 monitor ds_cpl vmx est tm2 ssse3 cx16 xtpr pdcm pcid sse4_1 sse4_2 x2apic popcnt tsc_deadline_timer xsave avx f16c lahf_lm cpuid_fault epb pti retpoline spec_ctrl tpr_shadow vnmi flexpriority ept vpid fsgsbase smep erms xsaveopt dtherm ida arat pln pts
bugs		: cpu_meltdown spectre_v1 spectre_v2 spec_store_bypass
bogomips	: 3591.66
clflush size	: 64
cache_alignment	: 64
address sizes	: 36 bits physical, 48 bits virtual
power management:

processor	: 3
vendor_id	: GenuineIntel
cpu family	: 6
model		: 58
model name	: Intel(R) Core(TM) i3-3217U CPU @ 1.80GHz
stepping	: 9
microcode	: 0x1f
cpu MHz		: 1795.831
cache size	: 3072 KB
physical id	: 0
siblings	: 4
core id		: 1
cpu cores	: 2
apicid		: 3
initial apicid	: 3
fpu		: yes
fpu_exception	: yes
cpuid level	: 13
wp		: yes
flags		: fpu vme de pse tsc msr pae mce cx8 apic sep mtrr pge mca cmov pat pse36 clflush dts acpi mmx fxsr sse sse2 ss ht tm pbe syscall nx rdtscp lm constant_tsc arch_perfmon pebs bts rep_good nopl xtopology nonstop_tsc cpuid aperfmperf pni pclmulqdq dtes64 monitor ds_cpl vmx est tm2 ssse3 cx16 xtpr pdcm pcid sse4_1 sse4_2 x2apic popcnt tsc_deadline_timer xsave avx f16c lahf_lm cpuid_fault epb pti retpoline spec_ctrl tpr_shadow vnmi flexpriority ept vpid fsgsbase smep erms xsaveopt dtherm ida arat pln pts
bugs		: cpu_meltdown spectre_v1 spectre_v2 spec_store_bypass
bogomips	: 3591.66
clflush size	: 64
cache_alignment	: 64
address sizes	: 36 bits physical, 48 bits virtual
power management:



Memory: 4k page, physical 3929480k(134432k free), swap 2097148k(1587708k free)

vm_info: OpenJDK 64-Bit Server VM (25.152-b01) for linux-amd64 JRE (1.8.0_152-release-1024-b01), built by "builder" with gcc 4.8.4

time: Fri Nov  9 23:16:42 2018
elapsed time: 719 seconds (0d 0h 11m 59s)

